0 info it worked if it ends with ok
1 verbose cli [ 'node',
1 verbose cli   '/Users/manassra/.nvm/v0.10.32/bin/npm',
1 verbose cli   'run',
1 verbose cli   'docs-publish' ]
2 info using npm@2.14.2
3 info using node@v0.10.32
4 verbose run-script [ 'predocs-publish', 'docs-publish', 'postdocs-publish' ]
5 info predocs-publish luma.gl@2.4.2
6 info docs-publish luma.gl@2.4.2
7 verbose unsafe-perm in lifecycle true
8 info luma.gl@2.4.2 Failed to exec docs-publish script
9 verbose stack Error: luma.gl@2.4.2 docs-publish: `npm run docs-build && git add _docs -f && git commit -m 'UPDATE DOCS' --no-verify && npm run docs-gh-pages`
9 verbose stack Exit status 1
9 verbose stack     at EventEmitter.<anonymous> (/Users/manassra/.nvm/v0.10.32/lib/node_modules/npm/lib/utils/lifecycle.js:214:16)
9 verbose stack     at EventEmitter.emit (events.js:98:17)
9 verbose stack     at ChildProcess.<anonymous> (/Users/manassra/.nvm/v0.10.32/lib/node_modules/npm/lib/utils/spawn.js:24:14)
9 verbose stack     at ChildProcess.emit (events.js:98:17)
9 verbose stack     at maybeClose (child_process.js:756:16)
9 verbose stack     at Process.ChildProcess._handle.onexit (child_process.js:823:5)
10 verbose pkgid luma.gl@2.4.2
11 verbose cwd /Users/manassra/dev/luma.gl
12 error Darwin 15.5.0
13 error argv "node" "/Users/manassra/.nvm/v0.10.32/bin/npm" "run" "docs-publish"
14 error node v0.10.32
15 error npm  v2.14.2
16 error code ELIFECYCLE
17 error luma.gl@2.4.2 docs-publish: `npm run docs-build && git add _docs -f && git commit -m 'UPDATE DOCS' --no-verify && npm run docs-gh-pages`
17 error Exit status 1
18 error Failed at the luma.gl@2.4.2 docs-publish script 'npm run docs-build && git add _docs -f && git commit -m 'UPDATE DOCS' --no-verify && npm run docs-gh-pages'.
18 error This is most likely a problem with the luma.gl package,
18 error not with npm itself.
18 error Tell the author that this fails on your system:
18 error     npm run docs-build && git add _docs -f && git commit -m 'UPDATE DOCS' --no-verify && npm run docs-gh-pages
18 error You can get their info via:
18 error     npm owner ls luma.gl
18 error There is likely additional logging output above.
19 verbose exit [ 1, true ]
